# JRE version: OpenJDK Runtime Environment (8.0_76-b03) (build 1.8.0_76-release-b03)
# Java VM: OpenJDK 64-Bit Server VM (25.76-b03 mixed mode windows-amd64 compressed oops)
Heap:
 PSYoungGen      total 371712K, used 42610K [0x00000000e0000000, 0x00000000f7e80000, 0x0000000100000000)
  eden space 365056K, 10% used [0x00000000e0000000,0x00000000e24136c8,0x00000000f6480000)
  from space 6656K, 85% used [0x00000000f7800000,0x00000000f7d89270,0x00000000f7e80000)
  to   space 13312K, 0% used [0x00000000f6480000,0x00000000f6480000,0x00000000f7180000)
 ParOldGen       total 89088K, used 32487K [0x00000000a0000000, 0x00000000a5700000, 0x00000000e0000000)
  object space 89088K, 36% used [0x00000000a0000000,0x00000000a1fb9e68,0x00000000a5700000)
 Metaspace       used 68130K, capacity 71318K, committed 71832K, reserved 1112064K
  class space    used 8490K, capacity 8947K, committed 9112K, reserved 1048576K
GC Heap History (10 events):
Event: 708.159 GC heap before
{Heap before GC invocations=29 (full 8):
 PSYoungGen      total 336384K, used 1812K [0x00000000e0000000, 0x00000000f6380000, 0x0000000100000000)
  eden space 334336K, 0% used [0x00000000e0000000,0x00000000e0000000,0x00000000f4680000)
  from space 2048K, 88% used [0x00000000f4680000,0x00000000f48452a0,0x00000000f4880000)
  to   space 14848K, 0% used [0x00000000f5500000,0x00000000f5500000,0x00000000f6380000)
 ParOldGen       total 89088K, used 37204K [0x00000000a0000000, 0x00000000a5700000, 0x00000000e0000000)
  object space 89088K, 41% used [0x00000000a0000000,0x00000000a2455250,0x00000000a5700000)
 Metaspace       used 67713K, capacity 70554K, committed 70680K, reserved 1112064K
  class space    used 8486K, capacity 8951K, committed 8984K, reserved 1048576K
Event: 708.997 GC heap after
Heap after GC invocations=29 (full 8):
 PSYoungGen      total 336384K, used 0K [0x00000000e0000000, 0x00000000f6380000, 0x0000000100000000)
  eden space 334336K, 0% used [0x00000000e0000000,0x00000000e0000000,0x00000000f4680000)
  from space 2048K, 0% used [0x00000000f4680000,0x00000000f4680000,0x00000000f4880000)
  to   space 14848K, 0% used [0x00000000f5500000,0x00000000f5500000,0x00000000f6380000)
 ParOldGen       total 89088K, used 36259K [0x00000000a0000000, 0x00000000a5700000, 0x00000000e0000000)
  object space 89088K, 40% used [0x00000000a0000000,0x00000000a2368df0,0x00000000a5700000)
 Metaspace       used 67713K, capacity 70554K, committed 70680K, reserved 1112064K
  class space    used 8486K, capacity 8951K, committed 8984K, reserved 1048576K
}
Event: 823.686 GC heap before
{Heap before GC invocations=30 (full 8):
 PSYoungGen      total 336384K, used 334336K [0x00000000e0000000, 0x00000000f6380000, 0x0000000100000000)
  eden space 334336K, 100% used [0x00000000e0000000,0x00000000f4680000,0x00000000f4680000)
  from space 2048K, 0% used [0x00000000f4680000,0x00000000f4680000,0x00000000f4880000)
  to   space 14848K, 0% used [0x00000000f5500000,0x00000000f5500000,0x00000000f6380000)
 ParOldGen       total 89088K, used 36259K [0x00000000a0000000, 0x00000000a5700000, 0x00000000e0000000)
  object space 89088K, 40% used [0x00000000a0000000,0x00000000a2368df0,0x00000000a5700000)
 Metaspace       used 67996K, capacity 71040K, committed 71320K, reserved 1112064K
  class space    used 8518K, capacity 8990K, committed 9112K, reserved 1048576K
Event: 823.705 GC heap after
Heap after GC invocations=30 (full 8):
 PSYoungGen      total 349696K, used 4448K [0x00000000e0000000, 0x00000000f8680000, 0x0000000100000000)
  eden space 334848K, 0% used [0x00000000e0000000,0x00000000e0000000,0x00000000f4700000)
  from space 14848K, 29% used [0x00000000f5500000,0x00000000f5958000,0x00000000f6380000)
  to   space 14336K, 0% used [0x00000000f4700000,0x00000000f4700000,0x00000000f5500000)
 ParOldGen       total 89088K, used 36267K [0x00000000a0000000, 0x00000000a5700000, 0x00000000e0000000)
  object space 89088K, 40% used [0x00000000a0000000,0x00000000a236adf0,0x00000000a5700000)
 Metaspace       used 67996K, capacity 71040K, committed 71320K, reserved 1112064K
  class space    used 8518K, capacity 8990K, committed 9112K, reserved 1048576K
}
Event: 1890.692 GC heap before
{Heap before GC invocations=31 (full 8):
 PSYoungGen      total 349696K, used 241601K [0x00000000e0000000, 0x00000000f8680000, 0x0000000100000000)
  eden space 334848K, 70% used [0x00000000e0000000,0x00000000ee798760,0x00000000f4700000)
  from space 14848K, 29% used [0x00000000f5500000,0x00000000f5958000,0x00000000f6380000)
  to   space 14336K, 0% used [0x00000000f4700000,0x00000000f4700000,0x00000000f5500000)
 ParOldGen       total 89088K, used 36267K [0x00000000a0000000, 0x00000000a5700000, 0x00000000e0000000)
  object space 89088K, 40% used [0x00000000a0000000,0x00000000a236adf0,0x00000000a5700000)
 Metaspace       used 68399K, capacity 71588K, committed 71832K, reserved 1112064K
  class space    used 8559K, capacity 9040K, committed 9112K, reserved 1048576K
Event: 1890.706 GC heap after
Heap after GC invocations=31 (full 8):
 PSYoungGen      total 349184K, used 2790K [0x00000000e0000000, 0x00000000f8580000, 0x0000000100000000)
  eden space 334848K, 0% used [0x00000000e0000000,0x00000000e0000000,0x00000000f4700000)
  from space 14336K, 19% used [0x00000000f4700000,0x00000000f49b9bd8,0x00000000f5500000)
  to   space 13824K, 0% used [0x00000000f7800000,0x00000000f7800000,0x00000000f8580000)
 ParOldGen       total 89088K, used 36275K [0x00000000a0000000, 0x00000000a5700000, 0x00000000e0000000)
  object space 89088K, 40% used [0x00000000a0000000,0x00000000a236cdf0,0x00000000a5700000)
 Metaspace       used 68399K, capacity 71588K, committed 71832K, reserved 1112064K
  class space    used 8559K, capacity 9040K, committed 9112K, reserved 1048576K
}
Event: 1890.706 GC heap before
{Heap before GC invocations=32 (full 9):
 PSYoungGen      total 349184K, used 2790K [0x00000000e0000000, 0x00000000f8580000, 0x0000000100000000)
  eden space 334848K, 0% used [0x00000000e0000000,0x00000000e0000000,0x00000000f4700000)
  from space 14336K, 19% used [0x00000000f4700000,0x00000000f49b9bd8,0x00000000f5500000)
  to   space 13824K, 0% used [0x00000000f7800000,0x00000000f7800000,0x00000000f8580000)
 ParOldGen       total 89088K, used 36275K [0x00000000a0000000, 0x00000000a5700000, 0x00000000e0000000)
  object space 89088K, 40% used [0x00000000a0000000,0x00000000a236cdf0,0x00000000a5700000)
 Metaspace       used 68399K, capacity 71588K, committed 71832K, reserved 1112064K
  class space    used 8559K, capacity 9040K, committed 9112K, reserved 1048576K
Event: 1891.174 GC heap after
Heap after GC invocations=32 (full 9):
 PSYoungGen      total 349184K, used 0K [0x00000000e0000000, 0x00000000f8580000, 0x0000000100000000)
  eden space 334848K, 0% used [0x00000000e0000000,0x00000000e0000000,0x00000000f4700000)
  from space 14336K, 0% used [0x00000000f4700000,0x00000000f4700000,0x00000000f5500000)
  to   space 13824K, 0% used [0x00000000f7800000,0x00000000f7800000,0x00000000f8580000)
 ParOldGen       total 89088K, used 32487K [0x00000000a0000000, 0x00000000a5700000, 0x00000000e0000000)
  object space 89088K, 36% used [0x00000000a0000000,0x00000000a1fb9e68,0x00000000a5700000)
 Metaspace       used 67676K, capacity 70748K, committed 71832K, reserved 1112064K
  class space    used 8435K, capacity 8878K, committed 9112K, reserved 1048576K
}
Event: 1965.272 GC heap before
{Heap before GC invocations=33 (full 9):
 PSYoungGen      total 349184K, used 334848K [0x00000000e0000000, 0x00000000f8580000, 0x0000000100000000)
  eden space 334848K, 100% used [0x00000000e0000000,0x00000000f4700000,0x00000000f4700000)
  from space 14336K, 0% used [0x00000000f4700000,0x00000000f4700000,0x00000000f5500000)
  to   space 13824K, 0% used [0x00000000f7800000,0x00000000f7800000,0x00000000f8580000)
 ParOldGen       total 89088K, used 32487K [0x00000000a0000000, 0x00000000a5700000, 0x00000000e0000000)
  object space 89088K, 36% used [0x00000000a0000000,0x00000000a1fb9e68,0x00000000a5700000)
 Metaspace       used 68107K, capacity 71318K, committed 71832K, reserved 1112064K
  class space    used 8490K, capacity 8947K, committed 9112K, reserved 1048576K
Event: 1965.294 GC heap after
Heap after GC invocations=33 (full 9):
 PSYoungGen      total 371712K, used 5668K [0x00000000e0000000, 0x00000000f7e80000, 0x0000000100000000)
  eden space 365056K, 0% used [0x00000000e0000000,0x00000000e0000000,0x00000000f6480000)
  from space 6656K, 85% used [0x00000000f7800000,0x00000000f7d89270,0x00000000f7e80000)
  to   space 13312K, 0% used [0x00000000f6480000,0x00000000f6480000,0x00000000f7180000)
 ParOldGen       total 89088K, used 32487K [0x00000000a0000000, 0x00000000a5700000, 0x00000000e0000000)
  object space 89088K, 36% used [0x00000000a0000000,0x00000000a1fb9e68,0x00000000a5700000)
 Metaspace       used 68107K, capacity 71318K, committed 71832K, reserved 1112064K
  class space    used 8490K, capacity 8947K, committed 9112K, reserved 1048576K
}

