# JRE version: OpenJDK Runtime Environment (8.0_76-b03) (build 1.8.0_76-release-b03)
# Java VM: OpenJDK 64-Bit Server VM (25.76-b03 mixed mode windows-amd64 compressed oops)
Heap:
 PSYoungGen      total 222208K, used 82720K [0x00000000e0000000, 0x00000000eec00000, 0x0000000100000000)
  eden space 209920K, 38% used [0x00000000e0000000,0x00000000e4e24020,0x00000000ecd00000)
  from space 12288K, 22% used [0x00000000ee000000,0x00000000ee2a4010,0x00000000eec00000)
  to   space 15872K, 0% used [0x00000000ecd00000,0x00000000ecd00000,0x00000000edc80000)
 ParOldGen       total 82432K, used 34821K [0x00000000a0000000, 0x00000000a5080000, 0x00000000e0000000)
  object space 82432K, 42% used [0x00000000a0000000,0x00000000a2201428,0x00000000a5080000)
 Metaspace       used 67792K, capacity 70354K, committed 70680K, reserved 1112064K
  class space    used 8502K, capacity 8896K, committed 8984K, reserved 1048576K
GC Heap History (10 events):
Event: 663.470 GC heap before
{Heap before GC invocations=33 (full 6):
 PSYoungGen      total 208896K, used 2117K [0x00000000e0000000, 0x00000000edc80000, 0x0000000100000000)
  eden space 192000K, 0% used [0x00000000e0000000,0x00000000e0000000,0x00000000ebb80000)
  from space 16896K, 12% used [0x00000000ebb80000,0x00000000ebd916f8,0x00000000ecc00000)
  to   space 16896K, 0% used [0x00000000ecc00000,0x00000000ecc00000,0x00000000edc80000)
 ParOldGen       total 82432K, used 37094K [0x00000000a0000000, 0x00000000a5080000, 0x00000000e0000000)
  object space 82432K, 44% used [0x00000000a0000000,0x00000000a2439880,0x00000000a5080000)
 Metaspace       used 66547K, capacity 68664K, committed 68760K, reserved 1110016K
  class space    used 8416K, capacity 8785K, committed 8856K, reserved 1048576K
Event: 663.925 GC heap after
Heap after GC invocations=33 (full 6):
 PSYoungGen      total 208896K, used 0K [0x00000000e0000000, 0x00000000edc80000, 0x0000000100000000)
  eden space 192000K, 0% used [0x00000000e0000000,0x00000000e0000000,0x00000000ebb80000)
  from space 16896K, 0% used [0x00000000ebb80000,0x00000000ebb80000,0x00000000ecc00000)
  to   space 16896K, 0% used [0x00000000ecc00000,0x00000000ecc00000,0x00000000edc80000)
 ParOldGen       total 82432K, used 35434K [0x00000000a0000000, 0x00000000a5080000, 0x00000000e0000000)
  object space 82432K, 42% used [0x00000000a0000000,0x00000000a229abf8,0x00000000a5080000)
 Metaspace       used 66547K, capacity 68664K, committed 68760K, reserved 1110016K
  class space    used 8416K, capacity 8785K, committed 8856K, reserved 1048576K
}
Event: 975.295 GC heap before
{Heap before GC invocations=34 (full 6):
 PSYoungGen      total 208896K, used 192000K [0x00000000e0000000, 0x00000000edc80000, 0x0000000100000000)
  eden space 192000K, 100% used [0x00000000e0000000,0x00000000ebb80000,0x00000000ebb80000)
  from space 16896K, 0% used [0x00000000ebb80000,0x00000000ebb80000,0x00000000ecc00000)
  to   space 16896K, 0% used [0x00000000ecc00000,0x00000000ecc00000,0x00000000edc80000)
 ParOldGen       total 82432K, used 35434K [0x00000000a0000000, 0x00000000a5080000, 0x00000000e0000000)
  object space 82432K, 42% used [0x00000000a0000000,0x00000000a229abf8,0x00000000a5080000)
 Metaspace       used 67016K, capacity 69150K, committed 69272K, reserved 1110016K
  class space    used 8426K, capacity 8796K, committed 8856K, reserved 1048576K
Event: 975.321 GC heap after
Heap after GC invocations=34 (full 6):
 PSYoungGen      total 209408K, used 5264K [0x00000000e0000000, 0x00000000ef080000, 0x0000000100000000)
  eden space 192512K, 0% used [0x00000000e0000000,0x00000000e0000000,0x00000000ebc00000)
  from space 16896K, 31% used [0x00000000ecc00000,0x00000000ed124040,0x00000000edc80000)
  to   space 16384K, 0% used [0x00000000ebc00000,0x00000000ebc00000,0x00000000ecc00000)
 ParOldGen       total 82432K, used 35442K [0x00000000a0000000, 0x00000000a5080000, 0x00000000e0000000)
  object space 82432K, 42% used [0x00000000a0000000,0x00000000a229cbf8,0x00000000a5080000)
 Metaspace       used 67016K, capacity 69150K, committed 69272K, reserved 1110016K
  class space    used 8426K, capacity 8796K, committed 8856K, reserved 1048576K
}
Event: 978.274 GC heap before
{Heap before GC invocations=35 (full 6):
 PSYoungGen      total 209408K, used 124477K [0x00000000e0000000, 0x00000000ef080000, 0x0000000100000000)
  eden space 192512K, 61% used [0x00000000e0000000,0x00000000e746b6e8,0x00000000ebc00000)
  from space 16896K, 31% used [0x00000000ecc00000,0x00000000ed124040,0x00000000edc80000)
  to   space 16384K, 0% used [0x00000000ebc00000,0x00000000ebc00000,0x00000000ecc00000)
 ParOldGen       total 82432K, used 35442K [0x00000000a0000000, 0x00000000a5080000, 0x00000000e0000000)
  object space 82432K, 42% used [0x00000000a0000000,0x00000000a229cbf8,0x00000000a5080000)
 Metaspace       used 67351K, capacity 69600K, committed 69784K, reserved 1110016K
  class space    used 8462K, capacity 8837K, committed 8856K, reserved 1048576K
Event: 978.280 GC heap after
Heap after GC invocations=35 (full 6):
 PSYoungGen      total 208896K, used 1286K [0x00000000e0000000, 0x00000000eef80000, 0x0000000100000000)
  eden space 192512K, 0% used [0x00000000e0000000,0x00000000e0000000,0x00000000ebc00000)
  from space 16384K, 7% used [0x00000000ebc00000,0x00000000ebd41bb8,0x00000000ecc00000)
  to   space 15872K, 0% used [0x00000000ee000000,0x00000000ee000000,0x00000000eef80000)
 ParOldGen       total 82432K, used 35450K [0x00000000a0000000, 0x00000000a5080000, 0x00000000e0000000)
  object space 82432K, 43% used [0x00000000a0000000,0x00000000a229ebf8,0x00000000a5080000)
 Metaspace       used 67351K, capacity 69600K, committed 69784K, reserved 1110016K
  class space    used 8462K, capacity 8837K, committed 8856K, reserved 1048576K
}
Event: 978.280 GC heap before
{Heap before GC invocations=36 (full 7):
 PSYoungGen      total 208896K, used 1286K [0x00000000e0000000, 0x00000000eef80000, 0x0000000100000000)
  eden space 192512K, 0% used [0x00000000e0000000,0x00000000e0000000,0x00000000ebc00000)
  from space 16384K, 7% used [0x00000000ebc00000,0x00000000ebd41bb8,0x00000000ecc00000)
  to   space 15872K, 0% used [0x00000000ee000000,0x00000000ee000000,0x00000000eef80000)
 ParOldGen       total 82432K, used 35450K [0x00000000a0000000, 0x00000000a5080000, 0x00000000e0000000)
  object space 82432K, 43% used [0x00000000a0000000,0x00000000a229ebf8,0x00000000a5080000)
 Metaspace       used 67351K, capacity 69600K, committed 69784K, reserved 1110016K
  class space    used 8462K, capacity 8837K, committed 8856K, reserved 1048576K
Event: 978.564 GC heap after
Heap after GC invocations=36 (full 7):
 PSYoungGen      total 208896K, used 0K [0x00000000e0000000, 0x00000000eef80000, 0x0000000100000000)
  eden space 192512K, 0% used [0x00000000e0000000,0x00000000e0000000,0x00000000ebc00000)
  from space 16384K, 0% used [0x00000000ebc00000,0x00000000ebc00000,0x00000000ecc00000)
  to   space 15872K, 0% used [0x00000000ee000000,0x00000000ee000000,0x00000000eef80000)
 ParOldGen       total 82432K, used 34821K [0x00000000a0000000, 0x00000000a5080000, 0x00000000e0000000)
  object space 82432K, 42% used [0x00000000a0000000,0x00000000a2201428,0x00000000a5080000)
 Metaspace       used 67351K, capacity 69600K, committed 69784K, reserved 1110016K
  class space    used 8462K, capacity 8837K, committed 8856K, reserved 1048576K
}
Event: 1205.396 GC heap before
{Heap before GC invocations=37 (full 7):
 PSYoungGen      total 208896K, used 192512K [0x00000000e0000000, 0x00000000eef80000, 0x0000000100000000)
  eden space 192512K, 100% used [0x00000000e0000000,0x00000000ebc00000,0x00000000ebc00000)
  from space 16384K, 0% used [0x00000000ebc00000,0x00000000ebc00000,0x00000000ecc00000)
  to   space 15872K, 0% used [0x00000000ee000000,0x00000000ee000000,0x00000000eef80000)
 ParOldGen       total 82432K, used 34821K [0x00000000a0000000, 0x00000000a5080000, 0x00000000e0000000)
  object space 82432K, 42% used [0x00000000a0000000,0x00000000a2201428,0x00000000a5080000)
 Metaspace       used 67731K, capacity 70162K, committed 70424K, reserved 1110016K
  class space    used 8502K, capacity 8896K, committed 8984K, reserved 1048576K
Event: 1205.408 GC heap after
Heap after GC invocations=37 (full 7):
 PSYoungGen      total 222208K, used 2704K [0x00000000e0000000, 0x00000000eec00000, 0x0000000100000000)
  eden space 209920K, 0% used [0x00000000e0000000,0x00000000e0000000,0x00000000ecd00000)
  from space 12288K, 22% used [0x00000000ee000000,0x00000000ee2a4010,0x00000000eec00000)
  to   space 15872K, 0% used [0x00000000ecd00000,0x00000000ecd00000,0x00000000edc80000)
 ParOldGen       total 82432K, used 34821K [0x00000000a0000000, 0x00000000a5080000, 0x00000000e0000000)
  object space 82432K, 42% used [0x00000000a0000000,0x00000000a2201428,0x00000000a5080000)
 Metaspace       used 67731K, capacity 70162K, committed 70424K, reserved 1110016K
  class space    used 8502K, capacity 8896K, committed 8984K, reserved 1048576K
}

