# JRE version: OpenJDK Runtime Environment (8.0_76-b03) (build 1.8.0_76-release-b03)
# Java VM: OpenJDK 64-Bit Server VM (25.76-b03 mixed mode windows-amd64 compressed oops)
Heap:
 PSYoungGen      total 332800K, used 26097K [0x00000000e0000000, 0x00000000fc280000, 0x0000000100000000)
  eden space 311808K, 3% used [0x00000000e0000000,0x00000000e0aa2a78,0x00000000f3080000)
  from space 20992K, 72% used [0x00000000f3080000,0x00000000f3f59c20,0x00000000f4500000)
  to   space 22016K, 0% used [0x00000000fad00000,0x00000000fad00000,0x00000000fc280000)
 ParOldGen       total 86528K, used 59702K [0x00000000a0000000, 0x00000000a5480000, 0x00000000e0000000)
  object space 86528K, 68% used [0x00000000a0000000,0x00000000a3a4db00,0x00000000a5480000)
 Metaspace       used 71139K, capacity 74476K, committed 74672K, reserved 1114112K
  class space    used 9381K, capacity 10068K, committed 10160K, reserved 1048576K
GC Heap History (10 events):
Event: 277.781 GC heap before
{Heap before GC invocations=16 (full 4):
 PSYoungGen      total 243712K, used 226304K [0x00000000e0000000, 0x00000000f0000000, 0x0000000100000000)
  eden space 226304K, 100% used [0x00000000e0000000,0x00000000edd00000,0x00000000edd00000)
  from space 17408K, 0% used [0x00000000eef00000,0x00000000eef00000,0x00000000f0000000)
  to   space 17920K, 0% used [0x00000000edd00000,0x00000000edd00000,0x00000000eee80000)
 ParOldGen       total 49152K, used 40534K [0x00000000a0000000, 0x00000000a3000000, 0x00000000e0000000)
  object space 49152K, 82% used [0x00000000a0000000,0x00000000a27959a8,0x00000000a3000000)
 Metaspace       used 55091K, capacity 57362K, committed 57648K, reserved 1099776K
  class space    used 7413K, capacity 7883K, committed 7984K, reserved 1048576K
Event: 278.291 GC heap after
Heap after GC invocations=16 (full 4):
 PSYoungGen      total 243712K, used 0K [0x00000000e0000000, 0x00000000f0000000, 0x0000000100000000)
  eden space 226304K, 0% used [0x00000000e0000000,0x00000000e0000000,0x00000000edd00000)
  from space 17408K, 0% used [0x00000000eef00000,0x00000000eef00000,0x00000000f0000000)
  to   space 17920K, 0% used [0x00000000edd00000,0x00000000edd00000,0x00000000eee80000)
 ParOldGen       total 86528K, used 45842K [0x00000000a0000000, 0x00000000a5480000, 0x00000000e0000000)
  object space 86528K, 52% used [0x00000000a0000000,0x00000000a2cc4970,0x00000000a5480000)
 Metaspace       used 55091K, capacity 57362K, committed 57648K, reserved 1099776K
  class space    used 7413K, capacity 7883K, committed 7984K, reserved 1048576K
}
Event: 285.323 GC heap before
{Heap before GC invocations=17 (full 4):
 PSYoungGen      total 243712K, used 226304K [0x00000000e0000000, 0x00000000f0000000, 0x0000000100000000)
  eden space 226304K, 100% used [0x00000000e0000000,0x00000000edd00000,0x00000000edd00000)
  from space 17408K, 0% used [0x00000000eef00000,0x00000000eef00000,0x00000000f0000000)
  to   space 17920K, 0% used [0x00000000edd00000,0x00000000edd00000,0x00000000eee80000)
 ParOldGen       total 86528K, used 45842K [0x00000000a0000000, 0x00000000a5480000, 0x00000000e0000000)
  object space 86528K, 52% used [0x00000000a0000000,0x00000000a2cc4970,0x00000000a5480000)
 Metaspace       used 65116K, capacity 67864K, committed 68144K, reserved 1107968K
  class space    used 8706K, capacity 9239K, committed 9264K, reserved 1048576K
Event: 285.385 GC heap after
Heap after GC invocations=17 (full 4):
 PSYoungGen      total 244224K, used 17888K [0x00000000e0000000, 0x00000000f5a80000, 0x0000000100000000)
  eden space 226304K, 0% used [0x00000000e0000000,0x00000000e0000000,0x00000000edd00000)
  from space 17920K, 99% used [0x00000000edd00000,0x00000000eee78308,0x00000000eee80000)
  to   space 21504K, 0% used [0x00000000f4580000,0x00000000f4580000,0x00000000f5a80000)
 ParOldGen       total 86528K, used 49318K [0x00000000a0000000, 0x00000000a5480000, 0x00000000e0000000)
  object space 86528K, 56% used [0x00000000a0000000,0x00000000a3029990,0x00000000a5480000)
 Metaspace       used 65116K, capacity 67864K, committed 68144K, reserved 1107968K
  class space    used 8706K, capacity 9239K, committed 9264K, reserved 1048576K
}
Event: 288.593 GC heap before
{Heap before GC invocations=18 (full 4):
 PSYoungGen      total 244224K, used 88307K [0x00000000e0000000, 0x00000000f5a80000, 0x0000000100000000)
  eden space 226304K, 31% used [0x00000000e0000000,0x00000000e44c4c60,0x00000000edd00000)
  from space 17920K, 99% used [0x00000000edd00000,0x00000000eee78308,0x00000000eee80000)
  to   space 21504K, 0% used [0x00000000f4580000,0x00000000f4580000,0x00000000f5a80000)
 ParOldGen       total 86528K, used 49318K [0x00000000a0000000, 0x00000000a5480000, 0x00000000e0000000)
  object space 86528K, 56% used [0x00000000a0000000,0x00000000a3029990,0x00000000a5480000)
 Metaspace       used 68574K, capacity 71748K, committed 71856K, reserved 1112064K
  class space    used 9152K, capacity 9798K, committed 9904K, reserved 1048576K
Event: 288.655 GC heap after
Heap after GC invocations=18 (full 4):
 PSYoungGen      total 332288K, used 8113K [0x00000000e0000000, 0x00000000f5980000, 0x0000000100000000)
  eden space 311808K, 0% used [0x00000000e0000000,0x00000000e0000000,0x00000000f3080000)
  from space 20480K, 39% used [0x00000000f4580000,0x00000000f4d6c5d8,0x00000000f5980000)
  to   space 20992K, 0% used [0x00000000f3080000,0x00000000f3080000,0x00000000f4500000)
 ParOldGen       total 86528K, used 59264K [0x00000000a0000000, 0x00000000a5480000, 0x00000000e0000000)
  object space 86528K, 68% used [0x00000000a0000000,0x00000000a39e0120,0x00000000a5480000)
 Metaspace       used 68574K, capacity 71748K, committed 71856K, reserved 1112064K
  class space    used 9152K, capacity 9798K, committed 9904K, reserved 1048576K
}
Event: 288.655 GC heap before
{Heap before GC invocations=19 (full 5):
 PSYoungGen      total 332288K, used 8113K [0x00000000e0000000, 0x00000000f5980000, 0x0000000100000000)
  eden space 311808K, 0% used [0x00000000e0000000,0x00000000e0000000,0x00000000f3080000)
  from space 20480K, 39% used [0x00000000f4580000,0x00000000f4d6c5d8,0x00000000f5980000)
  to   space 20992K, 0% used [0x00000000f3080000,0x00000000f3080000,0x00000000f4500000)
 ParOldGen       total 86528K, used 59264K [0x00000000a0000000, 0x00000000a5480000, 0x00000000e0000000)
  object space 86528K, 68% used [0x00000000a0000000,0x00000000a39e0120,0x00000000a5480000)
 Metaspace       used 68574K, capacity 71748K, committed 71856K, reserved 1112064K
  class space    used 9152K, capacity 9798K, committed 9904K, reserved 1048576K
Event: 289.344 GC heap after
Heap after GC invocations=19 (full 5):
 PSYoungGen      total 332288K, used 0K [0x00000000e0000000, 0x00000000f5980000, 0x0000000100000000)
  eden space 311808K, 0% used [0x00000000e0000000,0x00000000e0000000,0x00000000f3080000)
  from space 20480K, 0% used [0x00000000f4580000,0x00000000f4580000,0x00000000f5980000)
  to   space 20992K, 0% used [0x00000000f3080000,0x00000000f3080000,0x00000000f4500000)
 ParOldGen       total 86528K, used 59694K [0x00000000a0000000, 0x00000000a5480000, 0x00000000e0000000)
  object space 86528K, 68% used [0x00000000a0000000,0x00000000a3a4bb00,0x00000000a5480000)
 Metaspace       used 68547K, capacity 71660K, committed 71856K, reserved 1112064K
  class space    used 9144K, capacity 9790K, committed 9904K, reserved 1048576K
}
Event: 360.451 GC heap before
{Heap before GC invocations=20 (full 5):
 PSYoungGen      total 332288K, used 311808K [0x00000000e0000000, 0x00000000f5980000, 0x0000000100000000)
  eden space 311808K, 100% used [0x00000000e0000000,0x00000000f3080000,0x00000000f3080000)
  from space 20480K, 0% used [0x00000000f4580000,0x00000000f4580000,0x00000000f5980000)
  to   space 20992K, 0% used [0x00000000f3080000,0x00000000f3080000,0x00000000f4500000)
 ParOldGen       total 86528K, used 59694K [0x00000000a0000000, 0x00000000a5480000, 0x00000000e0000000)
  object space 86528K, 68% used [0x00000000a0000000,0x00000000a3a4bb00,0x00000000a5480000)
 Metaspace       used 71122K, capacity 74476K, committed 74672K, reserved 1114112K
  class space    used 9380K, capacity 10068K, committed 10160K, reserved 1048576K
Event: 360.528 GC heap after
Heap after GC invocations=20 (full 5):
 PSYoungGen      total 332800K, used 15207K [0x00000000e0000000, 0x00000000fc280000, 0x0000000100000000)
  eden space 311808K, 0% used [0x00000000e0000000,0x00000000e0000000,0x00000000f3080000)
  from space 20992K, 72% used [0x00000000f3080000,0x00000000f3f59c20,0x00000000f4500000)
  to   space 22016K, 0% used [0x00000000fad00000,0x00000000fad00000,0x00000000fc280000)
 ParOldGen       total 86528K, used 59702K [0x00000000a0000000, 0x00000000a5480000, 0x00000000e0000000)
  object space 86528K, 68% used [0x00000000a0000000,0x00000000a3a4db00,0x00000000a5480000)
 Metaspace       used 71122K, capacity 74476K, committed 74672K, reserved 1114112K
  class space    used 9380K, capacity 10068K, committed 10160K, reserved 1048576K
}

