# JRE version: OpenJDK Runtime Environment (8.0_76-b03) (build 1.8.0_76-release-b03)
# Java VM: OpenJDK 64-Bit Server VM (25.76-b03 mixed mode windows-amd64 compressed oops)
Heap:
 PSYoungGen      total 463872K, used 43980K [0x00000000e0000000, 0x0000000100000000, 0x0000000100000000)
  eden space 409088K, 8% used [0x00000000e0000000,0x00000000e20cc018,0x00000000f8f80000)
  from space 54784K, 18% used [0x00000000fc300000,0x00000000fcd27188,0x00000000ff880000)
  to   space 52736K, 0% used [0x00000000f8f80000,0x00000000f8f80000,0x00000000fc300000)
 ParOldGen       total 148480K, used 86438K [0x00000000a0000000, 0x00000000a9100000, 0x00000000e0000000)
  object space 148480K, 58% used [0x00000000a0000000,0x00000000a5469878,0x00000000a9100000)
 Metaspace       used 87470K, capacity 92784K, committed 92976K, reserved 1130496K
  class space    used 11231K, capacity 12249K, committed 12336K, reserved 1048576K
GC Heap History (10 events):
Event: 836.325 GC heap before
{Heap before GC invocations=52 (full 8):
 PSYoungGen      total 420352K, used 297469K [0x00000000e0000000, 0x00000000ffa80000, 0x0000000100000000)
  eden space 405504K, 69% used [0x00000000e0000000,0x00000000f145c6c8,0x00000000f8c00000)
  from space 14848K, 97% used [0x00000000f8c00000,0x00000000f9a23038,0x00000000f9a80000)
  to   space 55808K, 0% used [0x00000000fc400000,0x00000000fc400000,0x00000000ffa80000)
 ParOldGen       total 148480K, used 86150K [0x00000000a0000000, 0x00000000a9100000, 0x00000000e0000000)
  object space 148480K, 58% used [0x00000000a0000000,0x00000000a5421b60,0x00000000a9100000)
 Metaspace       used 75644K, capacity 79748K, committed 79792K, reserved 1118208K
  class space    used 9596K, capacity 10404K, committed 10416K, reserved 1048576K
Event: 836.341 GC heap after
Heap after GC invocations=52 (full 8):
 PSYoungGen      total 461824K, used 460K [0x00000000e0000000, 0x00000000ff980000, 0x0000000100000000)
  eden space 407040K, 0% used [0x00000000e0000000,0x00000000e0000000,0x00000000f8d80000)
  from space 54784K, 0% used [0x00000000fc400000,0x00000000fc473288,0x00000000ff980000)
  to   space 55296K, 0% used [0x00000000f8d80000,0x00000000f8d80000,0x00000000fc380000)
 ParOldGen       total 148480K, used 91338K [0x00000000a0000000, 0x00000000a9100000, 0x00000000e0000000)
  object space 148480K, 61% used [0x00000000a0000000,0x00000000a5932880,0x00000000a9100000)
 Metaspace       used 75644K, capacity 79748K, committed 79792K, reserved 1118208K
  class space    used 9596K, capacity 10404K, committed 10416K, reserved 1048576K
}
Event: 836.341 GC heap before
{Heap before GC invocations=53 (full 9):
 PSYoungGen      total 461824K, used 460K [0x00000000e0000000, 0x00000000ff980000, 0x0000000100000000)
  eden space 407040K, 0% used [0x00000000e0000000,0x00000000e0000000,0x00000000f8d80000)
  from space 54784K, 0% used [0x00000000fc400000,0x00000000fc473288,0x00000000ff980000)
  to   space 55296K, 0% used [0x00000000f8d80000,0x00000000f8d80000,0x00000000fc380000)
 ParOldGen       total 148480K, used 91338K [0x00000000a0000000, 0x00000000a9100000, 0x00000000e0000000)
  object space 148480K, 61% used [0x00000000a0000000,0x00000000a5932880,0x00000000a9100000)
 Metaspace       used 75644K, capacity 79748K, committed 79792K, reserved 1118208K
  class space    used 9596K, capacity 10404K, committed 10416K, reserved 1048576K
Event: 837.199 GC heap after
Heap after GC invocations=53 (full 9):
 PSYoungGen      total 461824K, used 0K [0x00000000e0000000, 0x00000000ff980000, 0x0000000100000000)
  eden space 407040K, 0% used [0x00000000e0000000,0x00000000e0000000,0x00000000f8d80000)
  from space 54784K, 0% used [0x00000000fc400000,0x00000000fc400000,0x00000000ff980000)
  to   space 55296K, 0% used [0x00000000f8d80000,0x00000000f8d80000,0x00000000fc380000)
 ParOldGen       total 148480K, used 63973K [0x00000000a0000000, 0x00000000a9100000, 0x00000000e0000000)
  object space 148480K, 43% used [0x00000000a0000000,0x00000000a3e79620,0x00000000a9100000)
 Metaspace       used 75644K, capacity 79748K, committed 79792K, reserved 1118208K
  class space    used 9596K, capacity 10404K, committed 10416K, reserved 1048576K
}
Event: 1207.735 GC heap before
{Heap before GC invocations=54 (full 9):
 PSYoungGen      total 461824K, used 336808K [0x00000000e0000000, 0x00000000ff980000, 0x0000000100000000)
  eden space 407040K, 82% used [0x00000000e0000000,0x00000000f48ea250,0x00000000f8d80000)
  from space 54784K, 0% used [0x00000000fc400000,0x00000000fc400000,0x00000000ff980000)
  to   space 55296K, 0% used [0x00000000f8d80000,0x00000000f8d80000,0x00000000fc380000)
 ParOldGen       total 148480K, used 63973K [0x00000000a0000000, 0x00000000a9100000, 0x00000000e0000000)
  object space 148480K, 43% used [0x00000000a0000000,0x00000000a3e79620,0x00000000a9100000)
 Metaspace       used 86244K, capacity 91250K, committed 91440K, reserved 1128448K
  class space    used 11069K, capacity 12052K, committed 12080K, reserved 1048576K
Event: 1207.887 GC heap after
Heap after GC invocations=54 (full 9):
 PSYoungGen      total 434176K, used 27021K [0x00000000e0000000, 0x00000000ff880000, 0x0000000100000000)
  eden space 407040K, 0% used [0x00000000e0000000,0x00000000e0000000,0x00000000f8d80000)
  from space 27136K, 99% used [0x00000000f8d80000,0x00000000fa7e3400,0x00000000fa800000)
  to   space 54784K, 0% used [0x00000000fc300000,0x00000000fc300000,0x00000000ff880000)
 ParOldGen       total 148480K, used 63981K [0x00000000a0000000, 0x00000000a9100000, 0x00000000e0000000)
  object space 148480K, 43% used [0x00000000a0000000,0x00000000a3e7b620,0x00000000a9100000)
 Metaspace       used 86244K, capacity 91250K, committed 91440K, reserved 1128448K
  class space    used 11069K, capacity 12052K, committed 12080K, reserved 1048576K
}
Event: 1207.887 GC heap before
{Heap before GC invocations=55 (full 10):
 PSYoungGen      total 434176K, used 27021K [0x00000000e0000000, 0x00000000ff880000, 0x0000000100000000)
  eden space 407040K, 0% used [0x00000000e0000000,0x00000000e0000000,0x00000000f8d80000)
  from space 27136K, 99% used [0x00000000f8d80000,0x00000000fa7e3400,0x00000000fa800000)
  to   space 54784K, 0% used [0x00000000fc300000,0x00000000fc300000,0x00000000ff880000)
 ParOldGen       total 148480K, used 63981K [0x00000000a0000000, 0x00000000a9100000, 0x00000000e0000000)
  object space 148480K, 43% used [0x00000000a0000000,0x00000000a3e7b620,0x00000000a9100000)
 Metaspace       used 86244K, capacity 91250K, committed 91440K, reserved 1128448K
  class space    used 11069K, capacity 12052K, committed 12080K, reserved 1048576K
Event: 1209.759 GC heap after
Heap after GC invocations=55 (full 10):
 PSYoungGen      total 434176K, used 0K [0x00000000e0000000, 0x00000000ff880000, 0x0000000100000000)
  eden space 407040K, 0% used [0x00000000e0000000,0x00000000e0000000,0x00000000f8d80000)
  from space 27136K, 0% used [0x00000000f8d80000,0x00000000f8d80000,0x00000000fa800000)
  to   space 54784K, 0% used [0x00000000fc300000,0x00000000fc300000,0x00000000ff880000)
 ParOldGen       total 148480K, used 86403K [0x00000000a0000000, 0x00000000a9100000, 0x00000000e0000000)
  object space 148480K, 58% used [0x00000000a0000000,0x00000000a5460f68,0x00000000a9100000)
 Metaspace       used 86244K, capacity 91250K, committed 91440K, reserved 1128448K
  class space    used 11069K, capacity 12052K, committed 12080K, reserved 1048576K
}
Event: 1577.983 GC heap before
{Heap before GC invocations=56 (full 10):
 PSYoungGen      total 434176K, used 407040K [0x00000000e0000000, 0x00000000ff880000, 0x0000000100000000)
  eden space 407040K, 100% used [0x00000000e0000000,0x00000000f8d80000,0x00000000f8d80000)
  from space 27136K, 0% used [0x00000000f8d80000,0x00000000f8d80000,0x00000000fa800000)
  to   space 54784K, 0% used [0x00000000fc300000,0x00000000fc300000,0x00000000ff880000)
 ParOldGen       total 148480K, used 86430K [0x00000000a0000000, 0x00000000a9100000, 0x00000000e0000000)
  object space 148480K, 58% used [0x00000000a0000000,0x00000000a5467878,0x00000000a9100000)
 Metaspace       used 87469K, capacity 92784K, committed 92976K, reserved 1130496K
  class space    used 11231K, capacity 12249K, committed 12336K, reserved 1048576K
Event: 1578.367 GC heap after
Heap after GC invocations=56 (full 10):
 PSYoungGen      total 463872K, used 10396K [0x00000000e0000000, 0x0000000100000000, 0x0000000100000000)
  eden space 409088K, 0% used [0x00000000e0000000,0x00000000e0000000,0x00000000f8f80000)
  from space 54784K, 18% used [0x00000000fc300000,0x00000000fcd27188,0x00000000ff880000)
  to   space 52736K, 0% used [0x00000000f8f80000,0x00000000f8f80000,0x00000000fc300000)
 ParOldGen       total 148480K, used 86438K [0x00000000a0000000, 0x00000000a9100000, 0x00000000e0000000)
  object space 148480K, 58% used [0x00000000a0000000,0x00000000a5469878,0x00000000a9100000)
 Metaspace       used 87469K, capacity 92784K, committed 92976K, reserved 1130496K
  class space    used 11231K, capacity 12249K, committed 12336K, reserved 1048576K
}

