# JRE version: OpenJDK Runtime Environment (8.0_76-b03) (build 1.8.0_76-release-b03)
# Java VM: OpenJDK 64-Bit Server VM (25.76-b03 mixed mode windows-amd64 compressed oops)
Heap:
 PSYoungGen      total 54784K, used 49385K [0x00000000e0000000, 0x00000000e5200000, 0x0000000100000000)
  eden space 48128K, 96% used [0x00000000e0000000,0x00000000e2d81aa8,0x00000000e2f00000)
  from space 6656K, 41% used [0x00000000e2f00000,0x00000000e31b8b38,0x00000000e3580000)
  to   space 7168K, 0% used [0x00000000e4b00000,0x00000000e4b00000,0x00000000e5200000)
 ParOldGen       total 33280K, used 12414K [0x00000000a0000000, 0x00000000a2080000, 0x00000000e0000000)
  object space 33280K, 37% used [0x00000000a0000000,0x00000000a0c1fa70,0x00000000a2080000)
 Metaspace       used 28826K, capacity 29488K, committed 29696K, reserved 1075200K
  class space    used 3899K, capacity 4079K, committed 4096K, reserved 1048576K
GC Heap History (10 events):
Event: 16.481 GC heap before
{Heap before GC invocations=8 (full 0):
 PSYoungGen      total 23552K, used 8356K [0x00000000e0000000, 0x00000000e2e00000, 0x0000000100000000)
  eden space 16384K, 20% used [0x00000000e0000000,0x00000000e0335338,0x00000000e1000000)
  from space 7168K, 70% used [0x00000000e1000000,0x00000000e14f3f78,0x00000000e1700000)
  to   space 7168K, 0% used [0x00000000e2700000,0x00000000e2700000,0x00000000e2e00000)
 ParOldGen       total 44032K, used 8349K [0x00000000a0000000, 0x00000000a2b00000, 0x00000000e0000000)
  object space 44032K, 18% used [0x00000000a0000000,0x00000000a0827750,0x00000000a2b00000)
 Metaspace       used 20732K, capacity 21150K, committed 21248K, reserved 1067008K
  class space    used 2677K, capacity 2804K, committed 2816K, reserved 1048576K
Event: 16.497 GC heap after
Heap after GC invocations=8 (full 0):
 PSYoungGen      total 39936K, used 4265K [0x00000000e0000000, 0x00000000e2e00000, 0x0000000100000000)
  eden space 32768K, 0% used [0x00000000e0000000,0x00000000e0000000,0x00000000e2000000)
  from space 7168K, 59% used [0x00000000e2700000,0x00000000e2b2a520,0x00000000e2e00000)
  to   space 7168K, 0% used [0x00000000e2000000,0x00000000e2000000,0x00000000e2700000)
 ParOldGen       total 44032K, used 8925K [0x00000000a0000000, 0x00000000a2b00000, 0x00000000e0000000)
  object space 44032K, 20% used [0x00000000a0000000,0x00000000a08b7760,0x00000000a2b00000)
 Metaspace       used 20732K, capacity 21150K, committed 21248K, reserved 1067008K
  class space    used 2677K, capacity 2804K, committed 2816K, reserved 1048576K
}
Event: 16.497 GC heap before
{Heap before GC invocations=9 (full 1):
 PSYoungGen      total 39936K, used 4265K [0x00000000e0000000, 0x00000000e2e00000, 0x0000000100000000)
  eden space 32768K, 0% used [0x00000000e0000000,0x00000000e0000000,0x00000000e2000000)
  from space 7168K, 59% used [0x00000000e2700000,0x00000000e2b2a520,0x00000000e2e00000)
  to   space 7168K, 0% used [0x00000000e2000000,0x00000000e2000000,0x00000000e2700000)
 ParOldGen       total 44032K, used 8925K [0x00000000a0000000, 0x00000000a2b00000, 0x00000000e0000000)
  object space 44032K, 20% used [0x00000000a0000000,0x00000000a08b7760,0x00000000a2b00000)
 Metaspace       used 20732K, capacity 21150K, committed 21248K, reserved 1067008K
  class space    used 2677K, capacity 2804K, committed 2816K, reserved 1048576K
Event: 16.617 GC heap after
Heap after GC invocations=9 (full 1):
 PSYoungGen      total 39936K, used 0K [0x00000000e0000000, 0x00000000e2e00000, 0x0000000100000000)
  eden space 32768K, 0% used [0x00000000e0000000,0x00000000e0000000,0x00000000e2000000)
  from space 7168K, 0% used [0x00000000e2700000,0x00000000e2700000,0x00000000e2e00000)
  to   space 7168K, 0% used [0x00000000e2000000,0x00000000e2000000,0x00000000e2700000)
 ParOldGen       total 33280K, used 9638K [0x00000000a0000000, 0x00000000a2080000, 0x00000000e0000000)
  object space 33280K, 28% used [0x00000000a0000000,0x00000000a0969a18,0x00000000a2080000)
 Metaspace       used 20732K, capacity 21150K, committed 21248K, reserved 1067008K
  class space    used 2677K, capacity 2804K, committed 2816K, reserved 1048576K
}
Event: 19.148 GC heap before
{Heap before GC invocations=10 (full 1):
 PSYoungGen      total 39936K, used 32768K [0x00000000e0000000, 0x00000000e2e00000, 0x0000000100000000)
  eden space 32768K, 100% used [0x00000000e0000000,0x00000000e2000000,0x00000000e2000000)
  from space 7168K, 0% used [0x00000000e2700000,0x00000000e2700000,0x00000000e2e00000)
  to   space 7168K, 0% used [0x00000000e2000000,0x00000000e2000000,0x00000000e2700000)
 ParOldGen       total 33280K, used 9638K [0x00000000a0000000, 0x00000000a2080000, 0x00000000e0000000)
  object space 33280K, 28% used [0x00000000a0000000,0x00000000a0969a18,0x00000000a2080000)
 Metaspace       used 23495K, capacity 24098K, committed 24320K, reserved 1071104K
  class space    used 3131K, capacity 3295K, committed 3328K, reserved 1048576K
Event: 19.225 GC heap after
Heap after GC invocations=10 (full 1):
 PSYoungGen      total 39936K, used 4645K [0x00000000e0000000, 0x00000000e3d00000, 0x0000000100000000)
  eden space 32768K, 0% used [0x00000000e0000000,0x00000000e0000000,0x00000000e2000000)
  from space 7168K, 64% used [0x00000000e2000000,0x00000000e2489478,0x00000000e2700000)
  to   space 6656K, 0% used [0x00000000e3680000,0x00000000e3680000,0x00000000e3d00000)
 ParOldGen       total 33280K, used 9638K [0x00000000a0000000, 0x00000000a2080000, 0x00000000e0000000)
  object space 33280K, 28% used [0x00000000a0000000,0x00000000a0969a18,0x00000000a2080000)
 Metaspace       used 23495K, capacity 24098K, committed 24320K, reserved 1071104K
  class space    used 3131K, capacity 3295K, committed 3328K, reserved 1048576K
}
Event: 21.649 GC heap before
{Heap before GC invocations=11 (full 1):
 PSYoungGen      total 39936K, used 37413K [0x00000000e0000000, 0x00000000e3d00000, 0x0000000100000000)
  eden space 32768K, 100% used [0x00000000e0000000,0x00000000e2000000,0x00000000e2000000)
  from space 7168K, 64% used [0x00000000e2000000,0x00000000e2489478,0x00000000e2700000)
  to   space 6656K, 0% used [0x00000000e3680000,0x00000000e3680000,0x00000000e3d00000)
 ParOldGen       total 33280K, used 9638K [0x00000000a0000000, 0x00000000a2080000, 0x00000000e0000000)
  object space 33280K, 28% used [0x00000000a0000000,0x00000000a0969a18,0x00000000a2080000)
 Metaspace       used 25981K, capacity 26552K, committed 26880K, reserved 1073152K
  class space    used 3557K, capacity 3723K, committed 3840K, reserved 1048576K
Event: 21.665 GC heap after
Heap after GC invocations=11 (full 1):
 PSYoungGen      total 53760K, used 5145K [0x00000000e0000000, 0x00000000e3c00000, 0x0000000100000000)
  eden space 48128K, 0% used [0x00000000e0000000,0x00000000e0000000,0x00000000e2f00000)
  from space 5632K, 91% used [0x00000000e3680000,0x00000000e3b86678,0x00000000e3c00000)
  to   space 6656K, 0% used [0x00000000e2f00000,0x00000000e2f00000,0x00000000e3580000)
 ParOldGen       total 33280K, used 9638K [0x00000000a0000000, 0x00000000a2080000, 0x00000000e0000000)
  object space 33280K, 28% used [0x00000000a0000000,0x00000000a0969a18,0x00000000a2080000)
 Metaspace       used 25981K, capacity 26552K, committed 26880K, reserved 1073152K
  class space    used 3557K, capacity 3723K, committed 3840K, reserved 1048576K
}
Event: 23.637 GC heap before
{Heap before GC invocations=12 (full 1):
 PSYoungGen      total 53760K, used 53273K [0x00000000e0000000, 0x00000000e3c00000, 0x0000000100000000)
  eden space 48128K, 100% used [0x00000000e0000000,0x00000000e2f00000,0x00000000e2f00000)
  from space 5632K, 91% used [0x00000000e3680000,0x00000000e3b86678,0x00000000e3c00000)
  to   space 6656K, 0% used [0x00000000e2f00000,0x00000000e2f00000,0x00000000e3580000)
 ParOldGen       total 33280K, used 9638K [0x00000000a0000000, 0x00000000a2080000, 0x00000000e0000000)
  object space 33280K, 28% used [0x00000000a0000000,0x00000000a0969a18,0x00000000a2080000)
 Metaspace       used 28300K, capacity 28912K, committed 29184K, reserved 1075200K
  class space    used 3865K, capacity 4015K, committed 4096K, reserved 1048576K
Event: 23.653 GC heap after
Heap after GC invocations=12 (full 1):
 PSYoungGen      total 54784K, used 2786K [0x00000000e0000000, 0x00000000e5200000, 0x0000000100000000)
  eden space 48128K, 0% used [0x00000000e0000000,0x00000000e0000000,0x00000000e2f00000)
  from space 6656K, 41% used [0x00000000e2f00000,0x00000000e31b8b38,0x00000000e3580000)
  to   space 7168K, 0% used [0x00000000e4b00000,0x00000000e4b00000,0x00000000e5200000)
 ParOldGen       total 33280K, used 12414K [0x00000000a0000000, 0x00000000a2080000, 0x00000000e0000000)
  object space 33280K, 37% used [0x00000000a0000000,0x00000000a0c1fa70,0x00000000a2080000)
 Metaspace       used 28300K, capacity 28912K, committed 29184K, reserved 1075200K
  class space    used 3865K, capacity 4015K, committed 4096K, reserved 1048576K
}

