# JRE version: OpenJDK Runtime Environment (8.0_76-b03) (build 1.8.0_76-release-b03)
# Java VM: OpenJDK 64-Bit Server VM (25.76-b03 mixed mode windows-amd64 compressed oops)
Heap:
 PSYoungGen      total 221184K, used 172803K [0x00000000e0000000, 0x00000000f5800000, 0x0000000100000000)
  eden space 202752K, 85% used [0x00000000e0000000,0x00000000ea8c0c40,0x00000000ec600000)
  from space 18432K, 0% used [0x00000000edb00000,0x00000000edb00000,0x00000000eed00000)
  to   space 21504K, 0% used [0x00000000ec600000,0x00000000ec600000,0x00000000edb00000)
 ParOldGen       total 82944K, used 44137K [0x00000000a0000000, 0x00000000a5100000, 0x00000000e0000000)
  object space 82944K, 53% used [0x00000000a0000000,0x00000000a2b1a670,0x00000000a5100000)
 Metaspace       used 66988K, capacity 69842K, committed 71344K, reserved 1110016K
  class space    used 8906K, capacity 9433K, committed 9904K, reserved 1048576K
GC Heap History (10 events):
Event: 506.450 GC heap before
{Heap before GC invocations=17 (full 4):
 PSYoungGen      total 221184K, used 135438K [0x00000000e0000000, 0x00000000eed00000, 0x0000000100000000)
  eden space 203264K, 66% used [0x00000000e0000000,0x00000000e84438a8,0x00000000ec680000)
  from space 17920K, 0% used [0x00000000ec680000,0x00000000ec680000,0x00000000ed800000)
  to   space 18432K, 0% used [0x00000000edb00000,0x00000000edb00000,0x00000000eed00000)
 ParOldGen       total 45056K, used 40750K [0x00000000a0000000, 0x00000000a2c00000, 0x00000000e0000000)
  object space 45056K, 90% used [0x00000000a0000000,0x00000000a27cba10,0x00000000a2c00000)
 Metaspace       used 54084K, capacity 56390K, committed 56624K, reserved 1097728K
  class space    used 7334K, capacity 7888K, committed 7984K, reserved 1048576K
Event: 508.404 GC heap after
Heap after GC invocations=17 (full 4):
 PSYoungGen      total 221184K, used 785K [0x00000000e0000000, 0x00000000eed00000, 0x0000000100000000)
  eden space 203264K, 0% used [0x00000000e0000000,0x00000000e00c4650,0x00000000ec680000)
  from space 17920K, 0% used [0x00000000ec680000,0x00000000ec680000,0x00000000ed800000)
  to   space 18432K, 0% used [0x00000000edb00000,0x00000000edb00000,0x00000000eed00000)
 ParOldGen       total 45056K, used 45045K [0x00000000a0000000, 0x00000000a2c00000, 0x00000000e0000000)
  object space 45056K, 99% used [0x00000000a0000000,0x00000000a2bfd798,0x00000000a2c00000)
 Metaspace       used 54084K, capacity 56390K, committed 56624K, reserved 1097728K
  class space    used 7334K, capacity 7888K, committed 7984K, reserved 1048576K
}
Event: 1319.383 GC heap before
{Heap before GC invocations=18 (full 5):
 PSYoungGen      total 221184K, used 158751K [0x00000000e0000000, 0x00000000eed00000, 0x0000000100000000)
  eden space 203264K, 78% used [0x00000000e0000000,0x00000000e9b07e18,0x00000000ec680000)
  from space 17920K, 0% used [0x00000000ec680000,0x00000000ec680000,0x00000000ed800000)
  to   space 18432K, 0% used [0x00000000edb00000,0x00000000edb00000,0x00000000eed00000)
 ParOldGen       total 45056K, used 45045K [0x00000000a0000000, 0x00000000a2c00000, 0x00000000e0000000)
  object space 45056K, 99% used [0x00000000a0000000,0x00000000a2bfd798,0x00000000a2c00000)
 Metaspace       used 56724K, capacity 59252K, committed 59440K, reserved 1099776K
  class space    used 7626K, capacity 8213K, committed 8240K, reserved 1048576K
Event: 1319.903 GC heap after
Heap after GC invocations=18 (full 5):
 PSYoungGen      total 221184K, used 3236K [0x00000000e0000000, 0x00000000eed00000, 0x0000000100000000)
  eden space 203264K, 1% used [0x00000000e0000000,0x00000000e0329108,0x00000000ec680000)
  from space 17920K, 0% used [0x00000000ec680000,0x00000000ec680000,0x00000000ed800000)
  to   space 18432K, 0% used [0x00000000edb00000,0x00000000edb00000,0x00000000eed00000)
 ParOldGen       total 45056K, used 45052K [0x00000000a0000000, 0x00000000a2c00000, 0x00000000e0000000)
  object space 45056K, 99% used [0x00000000a0000000,0x00000000a2bff098,0x00000000a2c00000)
 Metaspace       used 56724K, capacity 59252K, committed 59440K, reserved 1099776K
  class space    used 7626K, capacity 8213K, committed 8240K, reserved 1048576K
}
Event: 3090.311 GC heap before
{Heap before GC invocations=19 (full 6):
 PSYoungGen      total 221184K, used 203264K [0x00000000e0000000, 0x00000000eed00000, 0x0000000100000000)
  eden space 203264K, 100% used [0x00000000e0000000,0x00000000ec680000,0x00000000ec680000)
  from space 17920K, 0% used [0x00000000ec680000,0x00000000ec680000,0x00000000ed800000)
  to   space 18432K, 0% used [0x00000000edb00000,0x00000000edb00000,0x00000000eed00000)
 ParOldGen       total 45056K, used 45052K [0x00000000a0000000, 0x00000000a2c00000, 0x00000000e0000000)
  object space 45056K, 99% used [0x00000000a0000000,0x00000000a2bff098,0x00000000a2c00000)
 Metaspace       used 62445K, capacity 65184K, committed 65456K, reserved 1105920K
  class space    used 8403K, capacity 9031K, committed 9136K, reserved 1048576K
Event: 3091.143 GC heap after
Heap after GC invocations=19 (full 6):
 PSYoungGen      total 221184K, used 15176K [0x00000000e0000000, 0x00000000eed00000, 0x0000000100000000)
  eden space 203264K, 7% used [0x00000000e0000000,0x00000000e0ed2180,0x00000000ec680000)
  from space 17920K, 0% used [0x00000000ec680000,0x00000000ec680000,0x00000000ed800000)
  to   space 18432K, 0% used [0x00000000edb00000,0x00000000edb00000,0x00000000eed00000)
 ParOldGen       total 82944K, used 44907K [0x00000000a0000000, 0x00000000a5100000, 0x00000000e0000000)
  object space 82944K, 54% used [0x00000000a0000000,0x00000000a2bdad88,0x00000000a5100000)
 Metaspace       used 62445K, capacity 65184K, committed 65456K, reserved 1105920K
  class space    used 8403K, capacity 9031K, committed 9136K, reserved 1048576K
}
Event: 3095.925 GC heap before
{Heap before GC invocations=20 (full 6):
 PSYoungGen      total 221184K, used 161384K [0x00000000e0000000, 0x00000000eed00000, 0x0000000100000000)
  eden space 203264K, 79% used [0x00000000e0000000,0x00000000e9d9a000,0x00000000ec680000)
  from space 17920K, 0% used [0x00000000ec680000,0x00000000ec680000,0x00000000ed800000)
  to   space 18432K, 0% used [0x00000000edb00000,0x00000000edb00000,0x00000000eed00000)
 ParOldGen       total 82944K, used 44907K [0x00000000a0000000, 0x00000000a5100000, 0x00000000e0000000)
  object space 82944K, 54% used [0x00000000a0000000,0x00000000a2bdad88,0x00000000a5100000)
 Metaspace       used 67624K, capacity 71096K, committed 71344K, reserved 1110016K
  class space    used 9104K, capacity 9862K, committed 9904K, reserved 1048576K
Event: 3096.368 GC heap after
Heap after GC invocations=20 (full 6):
 PSYoungGen      total 221184K, used 18431K [0x00000000e0000000, 0x00000000f5800000, 0x0000000100000000)
  eden space 202752K, 0% used [0x00000000e0000000,0x00000000e0000000,0x00000000ec600000)
  from space 18432K, 99% used [0x00000000edb00000,0x00000000eecffcd8,0x00000000eed00000)
  to   space 21504K, 0% used [0x00000000ec600000,0x00000000ec600000,0x00000000edb00000)
 ParOldGen       total 82944K, used 45495K [0x00000000a0000000, 0x00000000a5100000, 0x00000000e0000000)
  object space 82944K, 54% used [0x00000000a0000000,0x00000000a2c6dfb0,0x00000000a5100000)
 Metaspace       used 67624K, capacity 71096K, committed 71344K, reserved 1110016K
  class space    used 9104K, capacity 9862K, committed 9904K, reserved 1048576K
}
Event: 3096.368 GC heap before
{Heap before GC invocations=21 (full 7):
 PSYoungGen      total 221184K, used 18431K [0x00000000e0000000, 0x00000000f5800000, 0x0000000100000000)
  eden space 202752K, 0% used [0x00000000e0000000,0x00000000e0000000,0x00000000ec600000)
  from space 18432K, 99% used [0x00000000edb00000,0x00000000eecffcd8,0x00000000eed00000)
  to   space 21504K, 0% used [0x00000000ec600000,0x00000000ec600000,0x00000000edb00000)
 ParOldGen       total 82944K, used 45495K [0x00000000a0000000, 0x00000000a5100000, 0x00000000e0000000)
  object space 82944K, 54% used [0x00000000a0000000,0x00000000a2c6dfb0,0x00000000a5100000)
 Metaspace       used 67624K, capacity 71096K, committed 71344K, reserved 1110016K
  class space    used 9104K, capacity 9862K, committed 9904K, reserved 1048576K
Event: 3097.672 GC heap after
Heap after GC invocations=21 (full 7):
 PSYoungGen      total 221184K, used 0K [0x00000000e0000000, 0x00000000f5800000, 0x0000000100000000)
  eden space 202752K, 0% used [0x00000000e0000000,0x00000000e0000000,0x00000000ec600000)
  from space 18432K, 0% used [0x00000000edb00000,0x00000000edb00000,0x00000000eed00000)
  to   space 21504K, 0% used [0x00000000ec600000,0x00000000ec600000,0x00000000edb00000)
 ParOldGen       total 82944K, used 44137K [0x00000000a0000000, 0x00000000a5100000, 0x00000000e0000000)
  object space 82944K, 53% used [0x00000000a0000000,0x00000000a2b1a670,0x00000000a5100000)
 Metaspace       used 65113K, capacity 67716K, committed 71344K, reserved 1110016K
  class space    used 8660K, capacity 9182K, committed 9904K, reserved 1048576K
}

