# JRE version: OpenJDK Runtime Environment (8.0_76-b03) (build 1.8.0_76-release-b03)
# Java VM: OpenJDK 64-Bit Server VM (25.76-b03 mixed mode windows-amd64 compressed oops)
Heap:
 PSYoungGen      total 502784K, used 312349K [0x00000000e0000000, 0x0000000100000000, 0x0000000100000000)
  eden space 480768K, 64% used [0x00000000e0000000,0x00000000f3107548,0x00000000fd580000)
  from space 22016K, 0% used [0x00000000fea80000,0x00000000fea80000,0x0000000100000000)
  to   space 21504K, 0% used [0x00000000fd580000,0x00000000fd580000,0x00000000fea80000)
 ParOldGen       total 84480K, used 48763K [0x00000000a0000000, 0x00000000a5280000, 0x00000000e0000000)
  object space 84480K, 57% used [0x00000000a0000000,0x00000000a2f9edf0,0x00000000a5280000)
 Metaspace       used 85402K, capacity 91064K, committed 91440K, reserved 1128448K
  class space    used 10922K, capacity 11698K, committed 11824K, reserved 1048576K
GC Heap History (10 events):
Event: 3161.646 GC heap before
{Heap before GC invocations=44 (full 16):
 PSYoungGen      total 480768K, used 290062K [0x00000000e0000000, 0x00000000ffd80000, 0x0000000100000000)
  eden space 478720K, 60% used [0x00000000e0000000,0x00000000f1b439b0,0x00000000fd380000)
  from space 2048K, 0% used [0x00000000fd380000,0x00000000fd380000,0x00000000fd580000)
  to   space 21504K, 0% used [0x00000000fe880000,0x00000000fe880000,0x00000000ffd80000)
 ParOldGen       total 84480K, used 48996K [0x00000000a0000000, 0x00000000a5280000, 0x00000000e0000000)
  object space 84480K, 57% used [0x00000000a0000000,0x00000000a2fd9380,0x00000000a5280000)
 Metaspace       used 84863K, capacity 90266K, committed 90544K, reserved 1128448K
  class space    used 10887K, capacity 11637K, committed 11696K, reserved 1048576K
Event: 3161.702 GC heap after
Heap after GC invocations=44 (full 16):
 PSYoungGen      total 498176K, used 3456K [0x00000000e0000000, 0x00000000ffb80000, 0x0000000100000000)
  eden space 478720K, 0% used [0x00000000e0000000,0x00000000e0000000,0x00000000fd380000)
  from space 19456K, 17% used [0x00000000fe880000,0x00000000febe0020,0x00000000ffb80000)
  to   space 20480K, 0% used [0x00000000fd380000,0x00000000fd380000,0x00000000fe780000)
 ParOldGen       total 84480K, used 49004K [0x00000000a0000000, 0x00000000a5280000, 0x00000000e0000000)
  object space 84480K, 58% used [0x00000000a0000000,0x00000000a2fdb380,0x00000000a5280000)
 Metaspace       used 84863K, capacity 90266K, committed 90544K, reserved 1128448K
  class space    used 10887K, capacity 11637K, committed 11696K, reserved 1048576K
}
Event: 3161.702 GC heap before
{Heap before GC invocations=45 (full 17):
 PSYoungGen      total 498176K, used 3456K [0x00000000e0000000, 0x00000000ffb80000, 0x0000000100000000)
  eden space 478720K, 0% used [0x00000000e0000000,0x00000000e0000000,0x00000000fd380000)
  from space 19456K, 17% used [0x00000000fe880000,0x00000000febe0020,0x00000000ffb80000)
  to   space 20480K, 0% used [0x00000000fd380000,0x00000000fd380000,0x00000000fe780000)
 ParOldGen       total 84480K, used 49004K [0x00000000a0000000, 0x00000000a5280000, 0x00000000e0000000)
  object space 84480K, 58% used [0x00000000a0000000,0x00000000a2fdb380,0x00000000a5280000)
 Metaspace       used 84863K, capacity 90266K, committed 90544K, reserved 1128448K
  class space    used 10887K, capacity 11637K, committed 11696K, reserved 1048576K
Event: 3162.328 GC heap after
Heap after GC invocations=45 (full 17):
 PSYoungGen      total 498176K, used 0K [0x00000000e0000000, 0x00000000ffb80000, 0x0000000100000000)
  eden space 478720K, 0% used [0x00000000e0000000,0x00000000e0000000,0x00000000fd380000)
  from space 19456K, 0% used [0x00000000fe880000,0x00000000fe880000,0x00000000ffb80000)
  to   space 20480K, 0% used [0x00000000fd380000,0x00000000fd380000,0x00000000fe780000)
 ParOldGen       total 84480K, used 50736K [0x00000000a0000000, 0x00000000a5280000, 0x00000000e0000000)
  object space 84480K, 60% used [0x00000000a0000000,0x00000000a318c1f0,0x00000000a5280000)
 Metaspace       used 84469K, capacity 89834K, committed 90544K, reserved 1128448K
  class space    used 10818K, capacity 11557K, committed 11696K, reserved 1048576K
}
Event: 3366.591 GC heap before
{Heap before GC invocations=46 (full 17):
 PSYoungGen      total 498176K, used 478224K [0x00000000e0000000, 0x00000000ffb80000, 0x0000000100000000)
  eden space 478720K, 99% used [0x00000000e0000000,0x00000000fd304360,0x00000000fd380000)
  from space 19456K, 0% used [0x00000000fe880000,0x00000000fe880000,0x00000000ffb80000)
  to   space 20480K, 0% used [0x00000000fd380000,0x00000000fd380000,0x00000000fe780000)
 ParOldGen       total 84480K, used 50736K [0x00000000a0000000, 0x00000000a5280000, 0x00000000e0000000)
  object space 84480K, 60% used [0x00000000a0000000,0x00000000a318c1f0,0x00000000a5280000)
 Metaspace       used 84986K, capacity 90532K, committed 90800K, reserved 1128448K
  class space    used 10879K, capacity 11676K, committed 11696K, reserved 1048576K
Event: 3366.702 GC heap after
Heap after GC invocations=46 (full 17):
 PSYoungGen      total 499200K, used 14265K [0x00000000e0000000, 0x0000000100000000, 0x0000000100000000)
  eden space 478720K, 0% used [0x00000000e0000000,0x00000000e0000000,0x00000000fd380000)
  from space 20480K, 69% used [0x00000000fd380000,0x00000000fe16e6d0,0x00000000fe780000)
  to   space 22016K, 0% used [0x00000000fea80000,0x00000000fea80000,0x0000000100000000)
 ParOldGen       total 84480K, used 50736K [0x00000000a0000000, 0x00000000a5280000, 0x00000000e0000000)
  object space 84480K, 60% used [0x00000000a0000000,0x00000000a318c1f0,0x00000000a5280000)
 Metaspace       used 84986K, capacity 90532K, committed 90800K, reserved 1128448K
  class space    used 10879K, capacity 11676K, committed 11696K, reserved 1048576K
}
Event: 3367.514 GC heap before
{Heap before GC invocations=47 (full 17):
 PSYoungGen      total 499200K, used 71110K [0x00000000e0000000, 0x0000000100000000, 0x0000000100000000)
  eden space 478720K, 11% used [0x00000000e0000000,0x00000000e37831f8,0x00000000fd380000)
  from space 20480K, 69% used [0x00000000fd380000,0x00000000fe16e6d0,0x00000000fe780000)
  to   space 22016K, 0% used [0x00000000fea80000,0x00000000fea80000,0x0000000100000000)
 ParOldGen       total 84480K, used 50736K [0x00000000a0000000, 0x00000000a5280000, 0x00000000e0000000)
  object space 84480K, 60% used [0x00000000a0000000,0x00000000a318c1f0,0x00000000a5280000)
 Metaspace       used 84987K, capacity 90532K, committed 90800K, reserved 1128448K
  class space    used 10879K, capacity 11676K, committed 11696K, reserved 1048576K
Event: 3367.520 GC heap after
Heap after GC invocations=47 (full 17):
 PSYoungGen      total 502784K, used 928K [0x00000000e0000000, 0x0000000100000000, 0x0000000100000000)
  eden space 480768K, 0% used [0x00000000e0000000,0x00000000e0000000,0x00000000fd580000)
  from space 22016K, 4% used [0x00000000fea80000,0x00000000feb68368,0x0000000100000000)
  to   space 21504K, 0% used [0x00000000fd580000,0x00000000fd580000,0x00000000fea80000)
 ParOldGen       total 84480K, used 50736K [0x00000000a0000000, 0x00000000a5280000, 0x00000000e0000000)
  object space 84480K, 60% used [0x00000000a0000000,0x00000000a318c1f0,0x00000000a5280000)
 Metaspace       used 84987K, capacity 90532K, committed 90800K, reserved 1128448K
  class space    used 10879K, capacity 11676K, committed 11696K, reserved 1048576K
}
Event: 3367.520 GC heap before
{Heap before GC invocations=48 (full 18):
 PSYoungGen      total 502784K, used 928K [0x00000000e0000000, 0x0000000100000000, 0x0000000100000000)
  eden space 480768K, 0% used [0x00000000e0000000,0x00000000e0000000,0x00000000fd580000)
  from space 22016K, 4% used [0x00000000fea80000,0x00000000feb68368,0x0000000100000000)
  to   space 21504K, 0% used [0x00000000fd580000,0x00000000fd580000,0x00000000fea80000)
 ParOldGen       total 84480K, used 50736K [0x00000000a0000000, 0x00000000a5280000, 0x00000000e0000000)
  object space 84480K, 60% used [0x00000000a0000000,0x00000000a318c1f0,0x00000000a5280000)
 Metaspace       used 84987K, capacity 90532K, committed 90800K, reserved 1128448K
  class space    used 10879K, capacity 11676K, committed 11696K, reserved 1048576K
Event: 3367.928 GC heap after
Heap after GC invocations=48 (full 18):
 PSYoungGen      total 502784K, used 0K [0x00000000e0000000, 0x0000000100000000, 0x0000000100000000)
  eden space 480768K, 0% used [0x00000000e0000000,0x00000000e0000000,0x00000000fd580000)
  from space 22016K, 0% used [0x00000000fea80000,0x00000000fea80000,0x0000000100000000)
  to   space 21504K, 0% used [0x00000000fd580000,0x00000000fd580000,0x00000000fea80000)
 ParOldGen       total 84480K, used 48763K [0x00000000a0000000, 0x00000000a5280000, 0x00000000e0000000)
  object space 84480K, 57% used [0x00000000a0000000,0x00000000a2f9edf0,0x00000000a5280000)
 Metaspace       used 84813K, capacity 90348K, committed 90800K, reserved 1128448K
  class space    used 10847K, capacity 11636K, committed 11696K, reserved 1048576K
}

